Error response from daemon: container 1b7fab457c688c16952c0349b44469a60e0f611232460fa31ddc1b3a0841aeff is not running
Unable to find image 'alpine:latest' locally
docker: error getting credentials - err: exec: "docker-credential-desktop.exe": executable file not found in $PATH, out: ``

Run 'docker run --help' for more information
Backup completed at 20260114123001
Unable to find image 'alpine:latest' locally
docker: error getting credentials - err: exec: "docker-credential-desktop.exe": executable file not found in $PATH, out: ``

Run 'docker run --help' for more information
Backup completed at 20260114123501
Unable to find image 'alpine:latest' locally
docker: error getting credentials - err: exec: "docker-credential-desktop.exe": executable file not found in $PATH, out: ``

Run 'docker run --help' for more information
Backup completed at 20260114124001
Unable to find image 'alpine:latest' locally
docker: error getting credentials - err: exec: "docker-credential-desktop.exe": executable file not found in $PATH, out: ``

Run 'docker run --help' for more information
Backup completed at 20260114124501
Unable to find image 'alpine:latest' locally
docker: error getting credentials - err: exec: "docker-credential-desktop.exe": executable file not found in $PATH, out: ``

Run 'docker run --help' for more information
Backup completed at 20260114125001
Unable to find image 'alpine:latest' locally
docker: error getting credentials - err: exec: "docker-credential-desktop.exe": executable file not found in $PATH, out: ``

Run 'docker run --help' for more information
Backup completed at 20260114125501
Unable to find image 'alpine:latest' locally
docker: error getting credentials - err: exec: "docker-credential-desktop.exe": executable file not found in $PATH, out: ``

Run 'docker run --help' for more information
Backup completed at 20260114130001
Unable to find image 'alpine:latest' locally
docker: error getting credentials - err: exec: "docker-credential-desktop.exe": executable file not found in $PATH, out: ``

Run 'docker run --help' for more information
Backup completed at 20260114130501
Unable to find image 'alpine:latest' locally
docker: error getting credentials - err: exec: "docker-credential-desktop.exe": executable file not found in $PATH, out: ``

Run 'docker run --help' for more information
Backup completed at 20260114131001
Unable to find image 'alpine:latest' locally
docker: error getting credentials - err: exec: "docker-credential-desktop.exe": executable file not found in $PATH, out: ``

Run 'docker run --help' for more information
Backup completed at 20260114131501
Unable to find image 'alpine:latest' locally
docker: error getting credentials - err: exec: "docker-credential-desktop.exe": executable file not found in $PATH, out: ``

Run 'docker run --help' for more information
Backup completed at 20260114132001
Unable to find image 'alpine:latest' locally
docker: error getting credentials - err: exec: "docker-credential-desktop.exe": executable file not found in $PATH, out: ``

Run 'docker run --help' for more information
Backup completed at 20260114132501
Unable to find image 'alpine:latest' locally
docker: error getting credentials - err: exec: "docker-credential-desktop.exe": executable file not found in $PATH, out: ``

Run 'docker run --help' for more information
Backup completed at 20260114133001
Unable to find image 'alpine:latest' locally
docker: error getting credentials - err: exec: "docker-credential-desktop.exe": executable file not found in $PATH, out: ``

Run 'docker run --help' for more information
Backup completed at 20260114133501
Unable to find image 'alpine:latest' locally
docker: error getting credentials - err: exec: "docker-credential-desktop.exe": executable file not found in $PATH, out: ``

Run 'docker run --help' for more information
Backup completed at 20260114134001
Unable to find image 'alpine:latest' locally
docker: error getting credentials - err: exec: "docker-credential-desktop.exe": executable file not found in $PATH, out: ``

Run 'docker run --help' for more information
Backup completed at 20260114134501
Unable to find image 'alpine:latest' locally
docker: error getting credentials - err: exec: "docker-credential-desktop.exe": executable file not found in $PATH, out: ``

Run 'docker run --help' for more information
Backup completed at 20260114135001
Unable to find image 'alpine:latest' locally
docker: error getting credentials - err: exec: "docker-credential-desktop.exe": executable file not found in $PATH, out: ``

Run 'docker run --help' for more information
Backup completed at 20260114135501
Error response from daemon: container 1b7fab457c688c16952c0349b44469a60e0f611232460fa31ddc1b3a0841aeff is not running
Unable to find image 'alpine:latest' locally
docker: error getting credentials - err: exec: "docker-credential-desktop.exe": executable file not found in $PATH, out: ``

Run 'docker run --help' for more information
Backup completed at 20260115115500
Error response from daemon: container 1b7fab457c688c16952c0349b44469a60e0f611232460fa31ddc1b3a0841aeff is not running
Unable to find image 'alpine:latest' locally
docker: error getting credentials - err: exec: "docker-credential-desktop.exe": executable file not found in $PATH, out: ``

Run 'docker run --help' for more information
Backup completed at 20260115120001
Error response from daemon: container 1b7fab457c688c16952c0349b44469a60e0f611232460fa31ddc1b3a0841aeff is not running
Unable to find image 'alpine:latest' locally
docker: error getting credentials - err: exec: "docker-credential-desktop.exe": executable file not found in $PATH, out: ``

Run 'docker run --help' for more information
Backup completed at 20260115121501
Error response from daemon: container 1b7fab457c688c16952c0349b44469a60e0f611232460fa31ddc1b3a0841aeff is not running
Unable to find image 'alpine:latest' locally
docker: error getting credentials - err: exec: "docker-credential-desktop.exe": executable file not found in $PATH, out: ``

Run 'docker run --help' for more information
Backup completed at 20260115122001
Error response from daemon: container 1b7fab457c688c16952c0349b44469a60e0f611232460fa31ddc1b3a0841aeff is not running
Unable to find image 'alpine:latest' locally
docker: error getting credentials - err: exec: "docker-credential-desktop.exe": executable file not found in $PATH, out: ``

Run 'docker run --help' for more information
Backup completed at 20260115122501
Error response from daemon: container 1b7fab457c688c16952c0349b44469a60e0f611232460fa31ddc1b3a0841aeff is not running
Unable to find image 'alpine:latest' locally
docker: error getting credentials - err: exec: "docker-credential-desktop.exe": executable file not found in $PATH, out: ``

Run 'docker run --help' for more information
Backup completed at 20260115123001
Error response from daemon: container 1b7fab457c688c16952c0349b44469a60e0f611232460fa31ddc1b3a0841aeff is not running
Unable to find image 'alpine:latest' locally
docker: error getting credentials - err: exec: "docker-credential-desktop.exe": executable file not found in $PATH, out: ``

Run 'docker run --help' for more information
Backup completed at 20260115123501
Error response from daemon: container 1b7fab457c688c16952c0349b44469a60e0f611232460fa31ddc1b3a0841aeff is not running
Unable to find image 'alpine:latest' locally
docker: error getting credentials - err: exec: "docker-credential-desktop.exe": executable file not found in $PATH, out: ``

Run 'docker run --help' for more information
Backup completed at 20260115124000
Error response from daemon: container 1b7fab457c688c16952c0349b44469a60e0f611232460fa31ddc1b3a0841aeff is not running
Unable to find image 'alpine:latest' locally
docker: error getting credentials - err: exec: "docker-credential-desktop.exe": executable file not found in $PATH, out: ``

Run 'docker run --help' for more information
Backup completed at 20260115124501
Error response from daemon: container 1b7fab457c688c16952c0349b44469a60e0f611232460fa31ddc1b3a0841aeff is not running
Unable to find image 'alpine:latest' locally
docker: error getting credentials - err: exec: "docker-credential-desktop.exe": executable file not found in $PATH, out: ``

Run 'docker run --help' for more information
Backup completed at 20260115125001
Error response from daemon: container 1b7fab457c688c16952c0349b44469a60e0f611232460fa31ddc1b3a0841aeff is not running
Unable to find image 'alpine:latest' locally
docker: error getting credentials - err: exec: "docker-credential-desktop.exe": executable file not found in $PATH, out: ``

Run 'docker run --help' for more information
Backup completed at 20260115125501
Error response from daemon: container 1b7fab457c688c16952c0349b44469a60e0f611232460fa31ddc1b3a0841aeff is not running
Unable to find image 'alpine:latest' locally
docker: error getting credentials - err: exec: "docker-credential-desktop.exe": executable file not found in $PATH, out: ``

Run 'docker run --help' for more information
Backup completed at 20260115130002
Error response from daemon: container 1b7fab457c688c16952c0349b44469a60e0f611232460fa31ddc1b3a0841aeff is not running
Unable to find image 'alpine:latest' locally
docker: error getting credentials - err: exec: "docker-credential-desktop.exe": executable file not found in $PATH, out: ``

Run 'docker run --help' for more information
Backup completed at 20260115130501
Error response from daemon: container 1b7fab457c688c16952c0349b44469a60e0f611232460fa31ddc1b3a0841aeff is not running
Unable to find image 'alpine:latest' locally
docker: error getting credentials - err: exec: "docker-credential-desktop.exe": executable file not found in $PATH, out: ``

Run 'docker run --help' for more information
Backup completed at 20260115131001
Error response from daemon: container 1b7fab457c688c16952c0349b44469a60e0f611232460fa31ddc1b3a0841aeff is not running
Unable to find image 'alpine:latest' locally
docker: error getting credentials - err: exec: "docker-credential-desktop.exe": executable file not found in $PATH, out: ``

Run 'docker run --help' for more information
Backup completed at 20260115131501
Error response from daemon: container 1b7fab457c688c16952c0349b44469a60e0f611232460fa31ddc1b3a0841aeff is not running
Unable to find image 'alpine:latest' locally
docker: error getting credentials - err: exec: "docker-credential-desktop.exe": executable file not found in $PATH, out: ``

Run 'docker run --help' for more information
Backup completed at 20260115132001
Error response from daemon: container 1b7fab457c688c16952c0349b44469a60e0f611232460fa31ddc1b3a0841aeff is not running
Unable to find image 'alpine:latest' locally
docker: error getting credentials - err: exec: "docker-credential-desktop.exe": executable file not found in $PATH, out: ``

Run 'docker run --help' for more information
Backup completed at 20260115132501
Error response from daemon: container 1b7fab457c688c16952c0349b44469a60e0f611232460fa31ddc1b3a0841aeff is not running
Unable to find image 'alpine:latest' locally
docker: error getting credentials - err: exec: "docker-credential-desktop.exe": executable file not found in $PATH, out: ``

Run 'docker run --help' for more information
Backup completed at 20260115133001
Error response from daemon: container 1b7fab457c688c16952c0349b44469a60e0f611232460fa31ddc1b3a0841aeff is not running
Unable to find image 'alpine:latest' locally
docker: error getting credentials - err: exec: "docker-credential-desktop.exe": executable file not found in $PATH, out: ``

Run 'docker run --help' for more information
Backup completed at 20260119121501
Error response from daemon: container 1b7fab457c688c16952c0349b44469a60e0f611232460fa31ddc1b3a0841aeff is not running
Unable to find image 'alpine:latest' locally
docker: error getting credentials - err: exec: "docker-credential-desktop.exe": executable file not found in $PATH, out: ``

Run 'docker run --help' for more information
Backup completed at 20260119122001
Error response from daemon: container 1b7fab457c688c16952c0349b44469a60e0f611232460fa31ddc1b3a0841aeff is not running
Unable to find image 'alpine:latest' locally
docker: error getting credentials - err: exec: "docker-credential-desktop.exe": executable file not found in $PATH, out: ``

Run 'docker run --help' for more information
Backup completed at 20260119122501
Error response from daemon: container 1b7fab457c688c16952c0349b44469a60e0f611232460fa31ddc1b3a0841aeff is not running
Unable to find image 'alpine:latest' locally
docker: error getting credentials - err: exec: "docker-credential-desktop.exe": executable file not found in $PATH, out: ``

Run 'docker run --help' for more information
Backup completed at 20260119123002
Unable to find image 'alpine:latest' locally
docker: error getting credentials - err: exec: "docker-credential-desktop.exe": executable file not found in $PATH, out: ``

Run 'docker run --help' for more information
Backup completed at 20260119123501
Unable to find image 'alpine:latest' locally
docker: error getting credentials - err: exec: "docker-credential-desktop.exe": executable file not found in $PATH, out: ``

Run 'docker run --help' for more information
Backup completed at 20260119124001
Unable to find image 'alpine:latest' locally
docker: error getting credentials - err: exec: "docker-credential-desktop.exe": executable file not found in $PATH, out: ``

Run 'docker run --help' for more information
Backup completed at 20260119124501
Unable to find image 'alpine:latest' locally
docker: error getting credentials - err: exec: "docker-credential-desktop.exe": executable file not found in $PATH, out: ``

Run 'docker run --help' for more information
Backup completed at 20260119125001
Unable to find image 'alpine:latest' locally
docker: error getting credentials - err: exec: "docker-credential-desktop.exe": executable file not found in $PATH, out: ``

Run 'docker run --help' for more information
Backup completed at 20260119125501
Unable to find image 'alpine:latest' locally
docker: error getting credentials - err: exec: "docker-credential-desktop.exe": executable file not found in $PATH, out: ``

Run 'docker run --help' for more information
Backup completed at 20260119130001
Unable to find image 'alpine:latest' locally
docker: error getting credentials - err: exec: "docker-credential-desktop.exe": executable file not found in $PATH, out: ``

Run 'docker run --help' for more information
Backup completed at 20260119130501
Unable to find image 'alpine:latest' locally
docker: error getting credentials - err: exec: "docker-credential-desktop.exe": executable file not found in $PATH, out: ``

Run 'docker run --help' for more information
Backup completed at 20260119131001
Unable to find image 'alpine:latest' locally
docker: error getting credentials - err: exec: "docker-credential-desktop.exe": executable file not found in $PATH, out: ``

Run 'docker run --help' for more information
Backup completed at 20260119131501
Unable to find image 'alpine:latest' locally
docker: error getting credentials - err: exec: "docker-credential-desktop.exe": executable file not found in $PATH, out: ``

Run 'docker run --help' for more information
Backup completed at 20260119132001
Error response from daemon: No such container: docker-dr-db
Backup completed at 20260119132502
Error response from daemon: No such container: docker-dr-db
Backup completed at 20260119133001
Backup completed at 20260119133501
Backup completed at 20260119134001
