===== Health Check at Wed Jan 14 12:23:23 UTC 2026 =====
Backend DOWN
Frontend DOWN
Database DOWN

===== Health Check at Wed Jan 14 12:23:54 UTC 2026 =====
Backend DOWN
Frontend DOWN
Database DOWN

===== Health Check at Wed Jan 14 12:29:27 UTC 2026 =====
Backend DOWN
Frontend DOWN
Database DOWN

===== Health Check at Wed Jan 14 12:29:47 UTC 2026 =====
Backend DOWN
Frontend DOWN
Database DOWN

===== Health Check at Wed Jan 14 12:39:43 UTC 2026 =====
Backend OK
Frontend OK
Database OK

===== Health Check at Wed Jan 14 12:41:43 UTC 2026 =====
Backend DOWN
Frontend OK
Database OK

===== Health Check at Wed Jan 14 12:41:51 UTC 2026 =====
Backend DOWN
Frontend OK
Database OK

===== Health Check at Wed Jan 14 12:42:58 UTC 2026 =====
Backend DOWN
Frontend OK
Database OK

===== Health Check at Wed Jan 14 12:53:00 UTC 2026 =====
Backend OK
Frontend OK
Database OK

===== Health Check at Wed Jan 14 12:53:17 UTC 2026 =====
Backend OK
Frontend OK
Database OK

